#
# There is insufficient memory for the Java Runtime Environment to continue.
# Native memory allocation (mmap) failed to map 134217728 bytes for G1 virtual space
# Possible reasons:
#   The system is out of physical RAM or swap space
#   The process is running with CompressedOops enabled, and the Java Heap may be blocking the growth of the native heap
# Possible solutions:
#   Reduce memory load on the system
#   Increase physical memory or swap space
#   Check if swap backing store is full
#   Decrease Java heap size (-Xmx/-Xms)
#   Decrease number of Java threads
#   Decrease Java thread stack sizes (-Xss)
#   Set larger code cache with -XX:ReservedCodeCacheSize=
#   JVM is running with Unscaled Compressed Oops mode in which the Java heap is
#     placed in the first 4GB address space. The Java Heap base address is the
#     maximum limit for the native heap growth. Please use -XX:HeapBaseMinAddress
#     to set the Java Heap base and to place the Java Heap above 4GB virtual address.
# This output file may be truncated or incomplete.
#
#  Out of Memory Error (os_windows.cpp:3528), pid=27372, tid=27504
#
# JRE version:  (20.0.1+9) (build )
# Java VM: Java HotSpot(TM) 64-Bit Server VM (20.0.1+9-29, mixed mode, sharing, tiered, compressed oops, compressed class ptrs, g1 gc, windows-amd64)
# No core dump will be written. Minidumps are not enabled by default on client versions of Windows
#

---------------  S U M M A R Y ------------

Command Line: -Dfile.encoding=UTF-8 --module-path=C:\Users\rkuma\OneDrive\Documents\NetBeansProjects\Bank Management System\build\classes bank.management.system.SignUpTwo

Host: Intel(R) Core(TM) i5-8250U CPU @ 1.60GHz, 8 cores, 7G,  Windows 11 , 64 bit Build 22621 (10.0.22621.1928)
Time: Fri Jul  7 00:06:10 2023 India Standard Time elapsed time: 0.016690 seconds (0d 0h 0m 0s)

---------------  T H R E A D  ---------------

Current thread (0x000002bbc2786380):  JavaThread "Unknown thread" [_thread_in_vm, id=27504, stack(0x000000bf48100000,0x000000bf48200000)]

Stack: [0x000000bf48100000,0x000000bf48200000]
Native frames: (J=compiled Java code, j=interpreted, Vv=VM code, C=native code)
V  [jvm.dll+0x6bb95a]
V  [jvm.dll+0x8485fa]
V  [jvm.dll+0x84a1f5]
V  [jvm.dll+0x84a8f3]
V  [jvm.dll+0x280b0f]
V  [jvm.dll+0x6b86e9]
V  [jvm.dll+0x6ad2da]
V  [jvm.dll+0x35adf5]
V  [jvm.dll+0x363016]
V  [jvm.dll+0x3b3b3e]
V  [jvm.dll+0x3b3dc5]
V  [jvm.dll+0x32b50a]
V  [jvm.dll+0x32c32b]
V  [jvm.dll+0x8112bf]
V  [jvm.dll+0x3c0d91]
V  [jvm.dll+0x7fcfe3]
V  [jvm.dll+0x44c76f]
V  [jvm.dll+0x44e0e1]
C  [jli.dll+0x5287]
C  [ucrtbase.dll+0x29363]
C  [KERNEL32.DLL+0x126ad]
C  [ntdll.dll+0x5aa68]


---------------  P R O C E S S  ---------------

Threads class SMR info:
_java_thread_list=0x00007ffddd85a098, length=0, elements={
}

Java Threads: ( => current thread )

Other Threads:
  0x000002bbc27e8400 WorkerThread "GC Thread#0" [stack: 0x000000bf48200000,0x000000bf48300000] [id=26852]
  0x000002bbc27f8f50 ConcurrentGCThread "G1 Main Marker" [stack: 0x000000bf48300000,0x000000bf48400000] [id=22760]
  0x000002bbc27f9c80 WorkerThread "G1 Conc#0" [stack: 0x000000bf48400000,0x000000bf48500000] [id=27020]

[error occurred during error reporting (printing all threads), id 0xc0000005, EXCEPTION_ACCESS_VIOLATION (0xc0000005) at pc=0x00007ffddd03eb47]
VM state: not at safepoint (not fully initialized)

VM Mutex/Monitor currently owned by a thread:  ([mutex/lock_event])
[0x000002bbc27821d0] Heap_lock - owner thread: 0x000002bbc2786380

Heap address: 0x0000000081e00000, size: 2018 MB, Compressed Oops mode: 32-bit

CDS archive(s) mapped at: [0x0000000000000000-0x0000000000000000-0x0000000000000000), size 0, SharedBaseAddress: 0x0000000800000000, ArchiveRelocationMode: 0.
Narrow klass base: 0x0000000000000000, Narrow klass shift: 0, Narrow klass range: 0x0

GC Precious Log:
 CardTable entry size: 512
 Card Set container configuration: InlinePtr #cards 5 size 8 Array Of Cards #cards 12 size 40 Howl #buckets 4 coarsen threshold 1843 Howl Bitmap #cards 512 size 80 coarsen threshold 460 Card regions per heap region 1 cards per card region 2048

Heap:
 garbage-first heap   total 0K, used 0K [0x0000000081e00000, 0x0000000100000000)
  region size 1024K, 0 young (0K), 0 survivors (0K)

[error occurred during error reporting (printing heap information), id 0xc0000005, EXCEPTION_ACCESS_VIOLATION (0xc0000005) at pc=0x00007ffddd413c59]
GC Heap History (0 events):
No events

Dll operation events (1 events):
Event: 0.010 Loaded shared library C:\Program Files\Java\jdk-20\bin\java.dll

Deoptimization events (0 events):
No events

Classes loaded (0 events):
No events

Classes unloaded (0 events):
No events

Classes redefined (0 events):
No events

Internal exceptions (0 events):
No events

VM Operations (0 events):
No events

Events (0 events):
No events


Dynamic libraries:
0x00007ff773e50000 - 0x00007ff773e60000 	C:\Program Files\Java\jdk-20\bin\java.exe
0x00007ffe4cc50000 - 0x00007ffe4ce64000 	C:\WINDOWS\SYSTEM32\ntdll.dll
0x00007ffe4b290000 - 0x00007ffe4b352000 	C:\WINDOWS\System32\KERNEL32.DLL
0x00007ffe4a240000 - 0x00007ffe4a5e3000 	C:\WINDOWS\System32\KERNELBASE.dll
0x00007ffe4a5f0000 - 0x00007ffe4a701000 	C:\WINDOWS\System32\ucrtbase.dll
0x00007ffe32030000 - 0x00007ffe3204b000 	C:\Program Files\Java\jdk-20\bin\VCRUNTIME140.dll
0x00007ffe05970000 - 0x00007ffe05989000 	C:\Program Files\Java\jdk-20\bin\jli.dll
0x00007ffe4c580000 - 0x00007ffe4c62e000 	C:\WINDOWS\System32\ADVAPI32.dll
0x00007ffe4bba0000 - 0x00007ffe4bc47000 	C:\WINDOWS\System32\msvcrt.dll
0x00007ffe4b510000 - 0x00007ffe4b5b4000 	C:\WINDOWS\System32\sechost.dll
0x00007ffe4b670000 - 0x00007ffe4b787000 	C:\WINDOWS\System32\RPCRT4.dll
0x00007ffe4b360000 - 0x00007ffe4b50a000 	C:\WINDOWS\System32\USER32.dll
0x00007ffe4a830000 - 0x00007ffe4a856000 	C:\WINDOWS\System32\win32u.dll
0x00007ffe41230000 - 0x00007ffe414be000 	C:\WINDOWS\WinSxS\amd64_microsoft.windows.common-controls_6595b64144ccf1df_6.0.22621.1635_none_270f70857386168e\COMCTL32.dll
0x00007ffe4cb80000 - 0x00007ffe4cba9000 	C:\WINDOWS\System32\GDI32.dll
0x00007ffe4a710000 - 0x00007ffe4a829000 	C:\WINDOWS\System32\gdi32full.dll
0x00007ffe4a860000 - 0x00007ffe4a8fa000 	C:\WINDOWS\System32\msvcp_win.dll
0x00007ffe43850000 - 0x00007ffe4385a000 	C:\WINDOWS\SYSTEM32\VERSION.dll
0x00007ffe4b630000 - 0x00007ffe4b661000 	C:\WINDOWS\System32\IMM32.DLL
0x00007ffe43570000 - 0x00007ffe4357c000 	C:\Program Files\Java\jdk-20\bin\vcruntime140_1.dll
0x00007ffddf940000 - 0x00007ffddf9ce000 	C:\Program Files\Java\jdk-20\bin\msvcp140.dll
0x00007ffddcd00000 - 0x00007ffddd997000 	C:\Program Files\Java\jdk-20\bin\server\jvm.dll
0x00007ffe39db0000 - 0x00007ffe39db9000 	C:\WINDOWS\SYSTEM32\WSOCK32.dll
0x00007ffe43000000 - 0x00007ffe43034000 	C:\WINDOWS\SYSTEM32\WINMM.dll
0x00007ffe4c9d0000 - 0x00007ffe4ca41000 	C:\WINDOWS\System32\WS2_32.dll
0x00007ffe49090000 - 0x00007ffe490a8000 	C:\WINDOWS\SYSTEM32\kernel.appcore.dll
0x00007ffe29a80000 - 0x00007ffe29a8a000 	C:\Program Files\Java\jdk-20\bin\jimage.dll
0x00007ffe47a30000 - 0x00007ffe47c5e000 	C:\WINDOWS\SYSTEM32\DBGHELP.DLL
0x00007ffe4c630000 - 0x00007ffe4c9b9000 	C:\WINDOWS\System32\combase.dll
0x00007ffe4b930000 - 0x00007ffe4ba07000 	C:\WINDOWS\System32\OLEAUT32.dll
0x00007ffe42480000 - 0x00007ffe424b2000 	C:\WINDOWS\SYSTEM32\dbgcore.DLL
0x00007ffe4a050000 - 0x00007ffe4a0ca000 	C:\WINDOWS\System32\bcryptPrimitives.dll
0x00007ffe29a90000 - 0x00007ffe29ab6000 	C:\Program Files\Java\jdk-20\bin\java.dll

dbghelp: loaded successfully - version: 4.0.5 - missing functions: none
symbol engine: initialized successfully - sym options: 0x614 - pdb path: .;C:\Program Files\Java\jdk-20\bin;C:\WINDOWS\SYSTEM32;C:\WINDOWS\WinSxS\amd64_microsoft.windows.common-controls_6595b64144ccf1df_6.0.22621.1635_none_270f70857386168e;C:\Program Files\Java\jdk-20\bin\server

VM Arguments:
jvm_args: -Dfile.encoding=UTF-8 --module-path=C:\Users\rkuma\OneDrive\Documents\NetBeansProjects\Bank Management System\build\classes 
java_command: bank.management.system.SignUpTwo
java_class_path (initial): C:\Program Files\Java\jdk-20\lib\src.zip;D:\project java\jcalendar-tz-1.3.3-4.jar;D:\project java\mysql-connector-java-8.0.28.jar;C:\Users\rkuma\OneDrive\Documents\NetBeansProjects\Bank Management System\build\classes
Launcher Type: SUN_STANDARD

[Global flags]
     intx CICompilerCount                          = 4                                         {product} {ergonomic}
     uint ConcGCThreads                            = 2                                         {product} {ergonomic}
     uint G1ConcRefinementThreads                  = 8                                         {product} {ergonomic}
   size_t G1HeapRegionSize                         = 1048576                                   {product} {ergonomic}
    uintx GCDrainStackTargetSize                   = 64                                        {product} {ergonomic}
   size_t InitialHeapSize                          = 134217728                                 {product} {ergonomic}
   size_t MarkStackSize                            = 4194304                                   {product} {ergonomic}
   size_t MaxHeapSize                              = 2116026368                                {product} {ergonomic}
   size_t MinHeapDeltaBytes                        = 1048576                                   {product} {ergonomic}
   size_t MinHeapSize                              = 8388608                                   {product} {ergonomic}
    uintx NonNMethodCodeHeapSize                   = 5839372                                {pd product} {ergonomic}
    uintx NonProfiledCodeHeapSize                  = 122909434                              {pd product} {ergonomic}
    uintx ProfiledCodeHeapSize                     = 122909434                              {pd product} {ergonomic}
    uintx ReservedCodeCacheSize                    = 251658240                              {pd product} {ergonomic}
     bool SegmentedCodeCache                       = true                                      {product} {ergonomic}
   size_t SoftMaxHeapSize                          = 2116026368                             {manageable} {ergonomic}
     bool UseCompressedClassPointers               = true                           {product lp64_product} {ergonomic}
     bool UseCompressedOops                        = true                           {product lp64_product} {ergonomic}
     bool UseG1GC                                  = true                                      {product} {ergonomic}
     bool UseLargePagesIndividualAllocation        = false                                  {pd product} {ergonomic}

Logging:
Log output configuration:
 #0: stdout all=warning uptime,level,tags foldmultilines=false
 #1: stderr all=off uptime,level,tags foldmultilines=false

Environment Variables:
PATH=C:\Program Files\Common Files\Oracle\Java\javapath;C:\WINDOWS\system32;C:\WINDOWS;C:\WINDOWS\System32\Wbem;C:\WINDOWS\System32\WindowsPowerShell\v1.0\;C:\WINDOWS\System32\OpenSSH\;C:\Program Files\Microsoft SQL Server\150\Tools\Binn\;C:\Program Files\Microsoft SQL Server\Client SDK\ODBC\170\Tools\Binn\;C:\Program Files\dotnet\;C:\Program Files\CMake\bin;C:\MinGW\bin;C:\Users\rkuma\OneDrive\Desktop\My JAVA FOLDER;C:\Program Files\Java\jdk-20\bin;C:\Program Files\MySQL\MySQL Shell 8.0\bin\;C:\Program Files\Java\jdk-20\bin
USERNAME=rkuma
OS=Windows_NT
PROCESSOR_IDENTIFIER=Intel64 Family 6 Model 142 Stepping 10, GenuineIntel
TMP=C:\Users\rkuma\AppData\Local\Temp
TEMP=C:\Users\rkuma\AppData\Local\Temp




---------------  S Y S T E M  ---------------

OS:
 Windows 11 , 64 bit Build 22621 (10.0.22621.1928)
OS uptime: 8 days 6:00 hours

CPU: total 8 (initial active 8) (4 cores per cpu, 2 threads per core) family 6 model 142 stepping 10 microcode 0xe0, cx8, cmov, fxsr, ht, mmx, 3dnowpref, sse, sse2, sse3, ssse3, sse4.1, sse4.2, popcnt, lzcnt, tsc, tscinvbit, avx, avx2, aes, erms, clmul, bmi1, bmi2, adx, fma, vzeroupper, clflush, clflushopt, rdtscp, f16c

Memory: 4k page, system-wide physical 8071M (829M free)
TotalPageFile size 32647M (AvailPageFile size 33M)
current process WorkingSet (physical memory assigned to process): 11M, peak: 11M
current process commit charge ("private bytes"): 60M, peak: 188M

vm_info: Java HotSpot(TM) 64-Bit Server VM (20.0.1+9-29) for windows-amd64 JRE (20.0.1+9-29), built on 2023-03-07T13:56:11Z by "mach5one" with MS VC++ 17.1 (VS2022)

END.
